----------   Running  Command   ---------- 

COMMAND: /lus/cls01029/arigazzi/smartsim-dev/SmartSim/smartsim/_core/bin/redis-server /lus/cls01029/arigazzi/smartsim-dev/SmartSim/smartsim/_core/config/redis6.conf --loadmodule /lus/cls01029/arigazzi/smartsim-dev/SmartSim/smartsim/_core/lib/redisai.so --port 6379 --bind 10.128.0.7

IPADDRESS: 10.128.0.7

NETWORK: ipogif0

------------------------------ 


----------   Output   ---------- 


4550:C 07 Jul 2022 04:16:47.978 # oO0OoO0OoO0Oo Redis is starting oO0OoO0OoO0Oo
4550:C 07 Jul 2022 04:16:47.978 # Redis version=6.0.8, bits=64, commit=03b59cd5, modified=0, pid=4550, just started
4550:C 07 Jul 2022 04:16:47.978 # Configuration loaded
4550:M 07 Jul 2022 04:16:47.978 * Increased maximum number of open files to 50032 (it was originally set to 1024).
                _._
           _.-``__ ''-._
      _.-``    `.  `_.  ''-._           Redis 6.0.8 (03b59cd5/0) 64 bit
  .-`` .-```.  ```\/    _.,_ ''-._
 (    '      ,       .-`  | `,    )     Running in standalone mode
 |`-._`-...-` __...-.``-._|'` _.-'|     Port: 6379
 |    `-._   `._    /     _.-'    |     PID: 4550
  `-._    `-._  `-./  _.-'    _.-'
 |`-._`-._    `-.__.-'    _.-'_.-'|
 |    `-._`-._        _.-'_.-'    |           http://redis.io
  `-._    `-._`-.__.-'_.-'    _.-'
 |`-._`-._    `-.__.-'    _.-'_.-'|
 |    `-._`-._        _.-'_.-'    |
  `-._    `-._`-.__.-'_.-'    _.-'
      `-._    `-.__.-'    _.-'
          `-._        _.-'
              `-.__.-'

4550:M 07 Jul 2022 04:16:47.979 # Server initialized
4550:M 07 Jul 2022 04:16:47.979 # WARNING overcommit_memory is set to 0! Background save may fail under low memory condition. To fix this issue add 'vm.overcommit_memory = 1' to /etc/sysctl.conf and then reboot or run the command 'sysctl vm.overcommit_memory=1' for this to take effect.
4550:M 07 Jul 2022 04:16:47.987 * <ai> Redis version found by RedisAI: 6.0.8 - oss
4550:M 07 Jul 2022 04:16:47.987 * <ai> RedisAI version 10205, git_sha=746b199e69f272d12aab00c26d31c8e35eb48b29
4550:M 07 Jul 2022 04:16:47.987 * Module 'ai' loaded from /lus/cls01029/arigazzi/smartsim-dev/SmartSim/smartsim/_core/lib/redisai.so
4550:M 07 Jul 2022 04:16:47.988 * Ready to accept connections
4550:M 07 Jul 2022 04:17:24.787 # <ai> backend TORCH not loaded, will try loading default backend
4550:M 07 Jul 2022 04:17:27.492 * <ai> TORCH backend loaded from /lus/cls01029/arigazzi/smartsim-dev/SmartSim/smartsim/_core/lib/backends/redisai_torch/redisai_torch.so
