2021-07-20 11:32:23,344	INFO scripts.py:648 -- [37mLocal node IP[39m: [1m10.128.0.2[22m
2021-07-20 11:32:23,361	INFO scripts.py:648 -- [37mLocal node IP[39m: [1m10.128.0.3[22m
2021-07-20 11:32:23,386	SUCC scripts.py:661 -- [32m--------------------[39m
2021-07-20 11:32:23,386	SUCC scripts.py:662 -- [32mRay runtime started.[39m
2021-07-20 11:32:23,387	SUCC scripts.py:663 -- [32m--------------------[39m
2021-07-20 11:32:23,387	INFO scripts.py:665 -- To terminate the Ray runtime, run
2021-07-20 11:32:23,387	INFO scripts.py:666 -- [1m  ray stop[22m
2021-07-20 11:32:23,387	INFO scripts.py:670 -- [36m[1m--block[22m[39m
2021-07-20 11:32:23,387	INFO scripts.py:671 -- This command will now block until terminated by a signal.
2021-07-20 11:32:23,387	INFO scripts.py:673 -- Running subprocesses are monitored and a message will be printed if any of them terminate unexpectedly.
2021-07-20 11:32:23,402	SUCC scripts.py:661 -- [32m--------------------[39m
2021-07-20 11:32:23,402	SUCC scripts.py:662 -- [32mRay runtime started.[39m
2021-07-20 11:32:23,402	SUCC scripts.py:663 -- [32m--------------------[39m
2021-07-20 11:32:23,402	INFO scripts.py:665 -- To terminate the Ray runtime, run
2021-07-20 11:32:23,402	INFO scripts.py:666 -- [1m  ray stop[22m
2021-07-20 11:32:23,402	INFO scripts.py:670 -- [36m[1m--block[22m[39m
2021-07-20 11:32:23,402	INFO scripts.py:671 -- This command will now block until terminated by a signal.
2021-07-20 11:32:23,402	INFO scripts.py:673 -- Running subprocesses are monitored and a message will be printed if any of them terminate unexpectedly.
2021-07-20 11:32:23,525	INFO scripts.py:648 -- [37mLocal node IP[39m: [1m10.128.0.4[22m
2021-07-20 11:32:23,569	SUCC scripts.py:661 -- [32m--------------------[39m
2021-07-20 11:32:23,569	SUCC scripts.py:662 -- [32mRay runtime started.[39m
2021-07-20 11:32:23,569	SUCC scripts.py:663 -- [32m--------------------[39m
2021-07-20 11:32:23,569	INFO scripts.py:665 -- To terminate the Ray runtime, run
2021-07-20 11:32:23,569	INFO scripts.py:666 -- [1m  ray stop[22m
2021-07-20 11:32:23,569	INFO scripts.py:670 -- [36m[1m--block[22m[39m
2021-07-20 11:32:23,569	INFO scripts.py:671 -- This command will now block until terminated by a signal.
2021-07-20 11:32:23,569	INFO scripts.py:673 -- Running subprocesses are monitored and a message will be printed if any of them terminate unexpectedly.
